2024-05-01T13:52:30.051+0500	INFO	app/app.go:117	gRPC Server Listening	{"url": ":50025"}
2024-05-01T13:58:49.081+0500	INFO	zap/options.go:212	finished unary call with code OK	{"grpc.start_time": "2024-05-01T13:58:49+05:00", "system": "grpc", "span.kind": "server", "grpc.service": "JobService", "grpc.method": "Create", "peer.address": "127.0.0.1:39810", "grpc.code": "OK", "grpc.time_ms": 3.809}
2024-05-01T13:59:09.539+0500	INFO	zap/options.go:212	finished unary call with code OK	{"grpc.start_time": "2024-05-01T13:59:09+05:00", "system": "grpc", "span.kind": "server", "grpc.service": "JobService", "grpc.method": "Get", "peer.address": "127.0.0.1:36152", "grpc.code": "OK", "grpc.time_ms": 0.822}
2024-05-01T13:59:15.658+0500	INFO	zap/options.go:212	finished unary call with code OK	{"grpc.start_time": "2024-05-01T13:59:15+05:00", "system": "grpc", "span.kind": "server", "grpc.service": "JobService", "grpc.method": "GetAll", "peer.address": "127.0.0.1:36154", "grpc.code": "OK", "grpc.time_ms": 0.572}
2024-05-01T13:59:41.141+0500	INFO	zap/options.go:212	finished unary call with code OK	{"grpc.start_time": "2024-05-01T13:59:41+05:00", "system": "grpc", "span.kind": "server", "grpc.service": "JobService", "grpc.method": "Update", "peer.address": "127.0.0.1:54530", "grpc.code": "OK", "grpc.time_ms": 3.738}
2024-05-01T13:59:49.255+0500	INFO	zap/options.go:212	finished unary call with code OK	{"grpc.start_time": "2024-05-01T13:59:49+05:00", "system": "grpc", "span.kind": "server", "grpc.service": "JobService", "grpc.method": "Delete", "peer.address": "127.0.0.1:44302", "grpc.code": "OK", "grpc.time_ms": 3.285}
2024-05-01T14:40:59.049+0500	INFO	app/app.go:117	gRPC Server Listening	{"url": ":50025"}
2024-05-01T14:41:28.637+0500	INFO	zap/options.go:212	finished unary call with code OK	{"grpc.start_time": "2024-05-01T14:41:28+05:00", "system": "grpc", "span.kind": "server", "grpc.service": "JobService", "grpc.method": "GetAll", "peer.address": "127.0.0.1:38756", "grpc.code": "OK", "grpc.time_ms": 0.816}
2024-05-01T14:47:23.911+0500	INFO	app/root.go:37	user service stops
2024-05-01T14:50:33.874+0500	INFO	app/app.go:117	gRPC Server Listening	{"url": ":50025"}
2024-05-01T14:52:48.248+0500	INFO	zap/options.go:212	finished unary call with code OK	{"grpc.start_time": "2024-05-01T14:52:48+05:00", "system": "grpc", "span.kind": "server", "grpc.service": "JobService", "grpc.method": "Create", "peer.address": "127.0.0.1:57386", "grpc.code": "OK", "grpc.time_ms": 3.25}
2024-05-01T14:53:12.604+0500	INFO	zap/options.go:212	finished unary call with code OK	{"grpc.start_time": "2024-05-01T14:53:12+05:00", "system": "grpc", "span.kind": "server", "grpc.service": "JobService", "grpc.method": "GetAll", "peer.address": "127.0.0.1:34840", "grpc.code": "OK", "grpc.time_ms": 0.519}
2024-05-01T14:53:59.259+0500	INFO	app/root.go:37	user service stops
2024-05-01T15:34:22.299+0500	INFO	app/app.go:117	gRPC Server Listening	{"url": ":50025"}
2024-05-01T15:35:17.983+0500	ERROR	service/jobs.go:202	user.List	{"error": "rpc error: code = Unavailable desc = connection error: desc = \"transport: Error while dialing: dial tcp :0: connect: connection refused\""}
exam_5/jobsService/internal/delivery/grpc/service.contentRPC.GetAllJobByClientId
	/home/abudlaziz/project/go/src/exam_5/jobsService/internal/delivery/grpc/service/jobs.go:202
exam_5/jobsService/genproto/jobProto._JobService_GetAllJobByClientId_Handler.func1
	/home/abudlaziz/project/go/src/exam_5/jobsService/genproto/jobProto/job.pb.go:975
exam_5/jobsService/internal/app.NewApp.UnaryInterceptorData.func6
	/home/abudlaziz/project/go/src/exam_5/jobsService/internal/delivery/grpc/server/midleware.go:34
exam_5/jobsService/internal/app.NewApp.UnaryInterceptor.func7.1.1
	/home/abudlaziz/project/go/src/exam_5/jobsService/internal/delivery/grpc/server/midleware.go:16
github.com/grpc-ecosystem/go-grpc-middleware/recovery.UnaryServerInterceptor.func1
	/home/abudlaziz/project/go/pkg/mod/github.com/grpc-ecosystem/go-grpc-middleware@v1.4.0/recovery/interceptors.go:33
exam_5/jobsService/internal/app.NewApp.ChainUnaryServer.func5.1
	/home/abudlaziz/project/go/pkg/mod/github.com/grpc-ecosystem/go-grpc-middleware@v1.4.0/chain.go:48
github.com/grpc-ecosystem/go-grpc-middleware/logging/zap.UnaryServerInterceptor.func1
	/home/abudlaziz/project/go/pkg/mod/github.com/grpc-ecosystem/go-grpc-middleware@v1.4.0/logging/zap/server_interceptors.go:31
exam_5/jobsService/internal/app.NewApp.ChainUnaryServer.func5.1
	/home/abudlaziz/project/go/pkg/mod/github.com/grpc-ecosystem/go-grpc-middleware@v1.4.0/chain.go:48
github.com/grpc-ecosystem/go-grpc-middleware/tags.UnaryServerInterceptor.func1
	/home/abudlaziz/project/go/pkg/mod/github.com/grpc-ecosystem/go-grpc-middleware@v1.4.0/tags/interceptors.go:23
exam_5/jobsService/internal/app.NewApp.ChainUnaryServer.func5
	/home/abudlaziz/project/go/pkg/mod/github.com/grpc-ecosystem/go-grpc-middleware@v1.4.0/chain.go:53
exam_5/jobsService/internal/app.NewApp.UnaryInterceptor.func7.1.1
	/home/abudlaziz/project/go/src/exam_5/jobsService/internal/delivery/grpc/server/midleware.go:16
exam_5/jobsService/internal/app.NewApp.UnaryInterceptor.func7
	/home/abudlaziz/project/go/src/exam_5/jobsService/internal/delivery/grpc/server/midleware.go:23
exam_5/jobsService/genproto/jobProto._JobService_GetAllJobByClientId_Handler
	/home/abudlaziz/project/go/src/exam_5/jobsService/genproto/jobProto/job.pb.go:977
google.golang.org/grpc.(*Server).processUnaryRPC
	/home/abudlaziz/project/go/pkg/mod/google.golang.org/grpc@v1.63.2/server.go:1369
google.golang.org/grpc.(*Server).handleStream
	/home/abudlaziz/project/go/pkg/mod/google.golang.org/grpc@v1.63.2/server.go:1780
google.golang.org/grpc.(*Server).serveStreams.func2.1
	/home/abudlaziz/project/go/pkg/mod/google.golang.org/grpc@v1.63.2/server.go:1019
2024-05-01T15:35:17.983+0500	ERROR	zap/options.go:212	finished unary call with code Internal	{"grpc.start_time": "2024-05-01T15:35:17+05:00", "system": "grpc", "span.kind": "server", "grpc.service": "JobService", "grpc.method": "GetAllJobByClientId", "peer.address": "127.0.0.1:42404", "error": "rpc error: code = Internal desc = Internal", "grpc.code": "Internal", "grpc.time_ms": 1.269}
github.com/grpc-ecosystem/go-grpc-middleware/logging/zap.DefaultMessageProducer
	/home/abudlaziz/project/go/pkg/mod/github.com/grpc-ecosystem/go-grpc-middleware@v1.4.0/logging/zap/options.go:212
github.com/grpc-ecosystem/go-grpc-middleware/logging/zap.UnaryServerInterceptor.func1
	/home/abudlaziz/project/go/pkg/mod/github.com/grpc-ecosystem/go-grpc-middleware@v1.4.0/logging/zap/server_interceptors.go:39
exam_5/jobsService/internal/app.NewApp.ChainUnaryServer.func5.1
	/home/abudlaziz/project/go/pkg/mod/github.com/grpc-ecosystem/go-grpc-middleware@v1.4.0/chain.go:48
github.com/grpc-ecosystem/go-grpc-middleware/tags.UnaryServerInterceptor.func1
	/home/abudlaziz/project/go/pkg/mod/github.com/grpc-ecosystem/go-grpc-middleware@v1.4.0/tags/interceptors.go:23
exam_5/jobsService/internal/app.NewApp.ChainUnaryServer.func5
	/home/abudlaziz/project/go/pkg/mod/github.com/grpc-ecosystem/go-grpc-middleware@v1.4.0/chain.go:53
exam_5/jobsService/internal/app.NewApp.UnaryInterceptor.func7.1.1
	/home/abudlaziz/project/go/src/exam_5/jobsService/internal/delivery/grpc/server/midleware.go:16
exam_5/jobsService/internal/app.NewApp.UnaryInterceptor.func7
	/home/abudlaziz/project/go/src/exam_5/jobsService/internal/delivery/grpc/server/midleware.go:23
exam_5/jobsService/genproto/jobProto._JobService_GetAllJobByClientId_Handler
	/home/abudlaziz/project/go/src/exam_5/jobsService/genproto/jobProto/job.pb.go:977
google.golang.org/grpc.(*Server).processUnaryRPC
	/home/abudlaziz/project/go/pkg/mod/google.golang.org/grpc@v1.63.2/server.go:1369
google.golang.org/grpc.(*Server).handleStream
	/home/abudlaziz/project/go/pkg/mod/google.golang.org/grpc@v1.63.2/server.go:1780
google.golang.org/grpc.(*Server).serveStreams.func2.1
	/home/abudlaziz/project/go/pkg/mod/google.golang.org/grpc@v1.63.2/server.go:1019
2024-05-01T15:39:35.757+0500	INFO	app/root.go:37	user service stops
2024-05-01T15:39:44.407+0500	INFO	app/app.go:117	gRPC Server Listening	{"url": ":50025"}
2024-05-01T15:39:49.282+0500	ERROR	service/jobs.go:202	user.List	{"error": "rpc error: code = NotFound desc = object not found"}
exam_5/jobsService/internal/delivery/grpc/service.contentRPC.GetAllJobByClientId
	/home/abudlaziz/project/go/src/exam_5/jobsService/internal/delivery/grpc/service/jobs.go:202
exam_5/jobsService/genproto/jobProto._JobService_GetAllJobByClientId_Handler.func1
	/home/abudlaziz/project/go/src/exam_5/jobsService/genproto/jobProto/job.pb.go:975
exam_5/jobsService/internal/app.NewApp.UnaryInterceptorData.func6
	/home/abudlaziz/project/go/src/exam_5/jobsService/internal/delivery/grpc/server/midleware.go:34
exam_5/jobsService/internal/app.NewApp.UnaryInterceptor.func7.1.1
	/home/abudlaziz/project/go/src/exam_5/jobsService/internal/delivery/grpc/server/midleware.go:16
github.com/grpc-ecosystem/go-grpc-middleware/recovery.UnaryServerInterceptor.func1
	/home/abudlaziz/project/go/pkg/mod/github.com/grpc-ecosystem/go-grpc-middleware@v1.4.0/recovery/interceptors.go:33
exam_5/jobsService/internal/app.NewApp.ChainUnaryServer.func5.1
	/home/abudlaziz/project/go/pkg/mod/github.com/grpc-ecosystem/go-grpc-middleware@v1.4.0/chain.go:48
github.com/grpc-ecosystem/go-grpc-middleware/logging/zap.UnaryServerInterceptor.func1
	/home/abudlaziz/project/go/pkg/mod/github.com/grpc-ecosystem/go-grpc-middleware@v1.4.0/logging/zap/server_interceptors.go:31
exam_5/jobsService/internal/app.NewApp.ChainUnaryServer.func5.1
	/home/abudlaziz/project/go/pkg/mod/github.com/grpc-ecosystem/go-grpc-middleware@v1.4.0/chain.go:48
github.com/grpc-ecosystem/go-grpc-middleware/tags.UnaryServerInterceptor.func1
	/home/abudlaziz/project/go/pkg/mod/github.com/grpc-ecosystem/go-grpc-middleware@v1.4.0/tags/interceptors.go:23
exam_5/jobsService/internal/app.NewApp.ChainUnaryServer.func5
	/home/abudlaziz/project/go/pkg/mod/github.com/grpc-ecosystem/go-grpc-middleware@v1.4.0/chain.go:53
exam_5/jobsService/internal/app.NewApp.UnaryInterceptor.func7.1.1
	/home/abudlaziz/project/go/src/exam_5/jobsService/internal/delivery/grpc/server/midleware.go:16
exam_5/jobsService/internal/app.NewApp.UnaryInterceptor.func7
	/home/abudlaziz/project/go/src/exam_5/jobsService/internal/delivery/grpc/server/midleware.go:23
exam_5/jobsService/genproto/jobProto._JobService_GetAllJobByClientId_Handler
	/home/abudlaziz/project/go/src/exam_5/jobsService/genproto/jobProto/job.pb.go:977
google.golang.org/grpc.(*Server).processUnaryRPC
	/home/abudlaziz/project/go/pkg/mod/google.golang.org/grpc@v1.63.2/server.go:1369
google.golang.org/grpc.(*Server).handleStream
	/home/abudlaziz/project/go/pkg/mod/google.golang.org/grpc@v1.63.2/server.go:1780
google.golang.org/grpc.(*Server).serveStreams.func2.1
	/home/abudlaziz/project/go/pkg/mod/google.golang.org/grpc@v1.63.2/server.go:1019
2024-05-01T15:39:49.282+0500	ERROR	zap/options.go:212	finished unary call with code Internal	{"grpc.start_time": "2024-05-01T15:39:49+05:00", "system": "grpc", "span.kind": "server", "grpc.service": "JobService", "grpc.method": "GetAllJobByClientId", "peer.address": "127.0.0.1:35810", "error": "rpc error: code = Internal desc = Internal", "grpc.code": "Internal", "grpc.time_ms": 3.298}
github.com/grpc-ecosystem/go-grpc-middleware/logging/zap.DefaultMessageProducer
	/home/abudlaziz/project/go/pkg/mod/github.com/grpc-ecosystem/go-grpc-middleware@v1.4.0/logging/zap/options.go:212
github.com/grpc-ecosystem/go-grpc-middleware/logging/zap.UnaryServerInterceptor.func1
	/home/abudlaziz/project/go/pkg/mod/github.com/grpc-ecosystem/go-grpc-middleware@v1.4.0/logging/zap/server_interceptors.go:39
exam_5/jobsService/internal/app.NewApp.ChainUnaryServer.func5.1
	/home/abudlaziz/project/go/pkg/mod/github.com/grpc-ecosystem/go-grpc-middleware@v1.4.0/chain.go:48
github.com/grpc-ecosystem/go-grpc-middleware/tags.UnaryServerInterceptor.func1
	/home/abudlaziz/project/go/pkg/mod/github.com/grpc-ecosystem/go-grpc-middleware@v1.4.0/tags/interceptors.go:23
exam_5/jobsService/internal/app.NewApp.ChainUnaryServer.func5
	/home/abudlaziz/project/go/pkg/mod/github.com/grpc-ecosystem/go-grpc-middleware@v1.4.0/chain.go:53
exam_5/jobsService/internal/app.NewApp.UnaryInterceptor.func7.1.1
	/home/abudlaziz/project/go/src/exam_5/jobsService/internal/delivery/grpc/server/midleware.go:16
exam_5/jobsService/internal/app.NewApp.UnaryInterceptor.func7
	/home/abudlaziz/project/go/src/exam_5/jobsService/internal/delivery/grpc/server/midleware.go:23
exam_5/jobsService/genproto/jobProto._JobService_GetAllJobByClientId_Handler
	/home/abudlaziz/project/go/src/exam_5/jobsService/genproto/jobProto/job.pb.go:977
google.golang.org/grpc.(*Server).processUnaryRPC
	/home/abudlaziz/project/go/pkg/mod/google.golang.org/grpc@v1.63.2/server.go:1369
google.golang.org/grpc.(*Server).handleStream
	/home/abudlaziz/project/go/pkg/mod/google.golang.org/grpc@v1.63.2/server.go:1780
google.golang.org/grpc.(*Server).serveStreams.func2.1
	/home/abudlaziz/project/go/pkg/mod/google.golang.org/grpc@v1.63.2/server.go:1019
2024-05-01T15:48:06.066+0500	INFO	zap/options.go:212	finished unary call with code OK	{"grpc.start_time": "2024-05-01T15:48:06+05:00", "system": "grpc", "span.kind": "server", "grpc.service": "JobService", "grpc.method": "Create", "peer.address": "127.0.0.1:57756", "grpc.code": "OK", "grpc.time_ms": 3.373}
2024-05-01T15:48:35.786+0500	INFO	zap/options.go:212	finished unary call with code OK	{"grpc.start_time": "2024-05-01T15:48:35+05:00", "system": "grpc", "span.kind": "server", "grpc.service": "JobService", "grpc.method": "GetAllJobByClientId", "peer.address": "127.0.0.1:60656", "grpc.code": "OK", "grpc.time_ms": 1.536}
2024-05-01T15:51:16.699+0500	INFO	zap/options.go:212	finished unary call with code OK	{"grpc.start_time": "2024-05-01T15:51:16+05:00", "system": "grpc", "span.kind": "server", "grpc.service": "JobService", "grpc.method": "GetAll", "peer.address": "127.0.0.1:40720", "grpc.code": "OK", "grpc.time_ms": 0.513}
2024-05-01T15:52:39.502+0500	INFO	zap/options.go:212	finished unary call with code OK	{"grpc.start_time": "2024-05-01T15:52:39+05:00", "system": "grpc", "span.kind": "server", "grpc.service": "JobService", "grpc.method": "Create", "peer.address": "127.0.0.1:36746", "grpc.code": "OK", "grpc.time_ms": 3.452}
2024-05-01T15:52:42.750+0500	INFO	zap/options.go:212	finished unary call with code OK	{"grpc.start_time": "2024-05-01T15:52:42+05:00", "system": "grpc", "span.kind": "server", "grpc.service": "JobService", "grpc.method": "Create", "peer.address": "127.0.0.1:36762", "grpc.code": "OK", "grpc.time_ms": 3.304}
2024-05-01T15:52:43.342+0500	INFO	zap/options.go:212	finished unary call with code OK	{"grpc.start_time": "2024-05-01T15:52:43+05:00", "system": "grpc", "span.kind": "server", "grpc.service": "JobService", "grpc.method": "Create", "peer.address": "127.0.0.1:36766", "grpc.code": "OK", "grpc.time_ms": 3.667}
2024-05-01T15:52:43.603+0500	INFO	zap/options.go:212	finished unary call with code OK	{"grpc.start_time": "2024-05-01T15:52:43+05:00", "system": "grpc", "span.kind": "server", "grpc.service": "JobService", "grpc.method": "Create", "peer.address": "127.0.0.1:36780", "grpc.code": "OK", "grpc.time_ms": 3.594}
2024-05-01T15:52:43.812+0500	INFO	zap/options.go:212	finished unary call with code OK	{"grpc.start_time": "2024-05-01T15:52:43+05:00", "system": "grpc", "span.kind": "server", "grpc.service": "JobService", "grpc.method": "Create", "peer.address": "127.0.0.1:36796", "grpc.code": "OK", "grpc.time_ms": 3.605}
2024-05-01T15:52:44.027+0500	INFO	zap/options.go:212	finished unary call with code OK	{"grpc.start_time": "2024-05-01T15:52:44+05:00", "system": "grpc", "span.kind": "server", "grpc.service": "JobService", "grpc.method": "Create", "peer.address": "127.0.0.1:36804", "grpc.code": "OK", "grpc.time_ms": 3.418}
2024-05-01T15:52:44.229+0500	INFO	zap/options.go:212	finished unary call with code OK	{"grpc.start_time": "2024-05-01T15:52:44+05:00", "system": "grpc", "span.kind": "server", "grpc.service": "JobService", "grpc.method": "Create", "peer.address": "127.0.0.1:36820", "grpc.code": "OK", "grpc.time_ms": 3.222}
2024-05-01T15:52:44.414+0500	INFO	zap/options.go:212	finished unary call with code OK	{"grpc.start_time": "2024-05-01T15:52:44+05:00", "system": "grpc", "span.kind": "server", "grpc.service": "JobService", "grpc.method": "Create", "peer.address": "127.0.0.1:36830", "grpc.code": "OK", "grpc.time_ms": 3.248}
2024-05-01T15:52:44.605+0500	INFO	zap/options.go:212	finished unary call with code OK	{"grpc.start_time": "2024-05-01T15:52:44+05:00", "system": "grpc", "span.kind": "server", "grpc.service": "JobService", "grpc.method": "Create", "peer.address": "127.0.0.1:36838", "grpc.code": "OK", "grpc.time_ms": 3.401}
2024-05-01T15:52:44.802+0500	INFO	zap/options.go:212	finished unary call with code OK	{"grpc.start_time": "2024-05-01T15:52:44+05:00", "system": "grpc", "span.kind": "server", "grpc.service": "JobService", "grpc.method": "Create", "peer.address": "127.0.0.1:36840", "grpc.code": "OK", "grpc.time_ms": 3.507}
2024-05-01T15:52:44.987+0500	INFO	zap/options.go:212	finished unary call with code OK	{"grpc.start_time": "2024-05-01T15:52:44+05:00", "system": "grpc", "span.kind": "server", "grpc.service": "JobService", "grpc.method": "Create", "peer.address": "127.0.0.1:36842", "grpc.code": "OK", "grpc.time_ms": 3.386}
2024-05-01T15:53:12.321+0500	INFO	zap/options.go:212	finished unary call with code OK	{"grpc.start_time": "2024-05-01T15:53:12+05:00", "system": "grpc", "span.kind": "server", "grpc.service": "JobService", "grpc.method": "GetAllJobByClientId", "peer.address": "127.0.0.1:42892", "grpc.code": "OK", "grpc.time_ms": 0.655}
2024-05-01T15:53:39.966+0500	INFO	zap/options.go:212	finished unary call with code OK	{"grpc.start_time": "2024-05-01T15:53:39+05:00", "system": "grpc", "span.kind": "server", "grpc.service": "JobService", "grpc.method": "GetAllJobByClientId", "peer.address": "127.0.0.1:35116", "grpc.code": "OK", "grpc.time_ms": 8.766}
2024-05-01T15:54:40.732+0500	INFO	zap/options.go:212	finished unary call with code OK	{"grpc.start_time": "2024-05-01T15:54:40+05:00", "system": "grpc", "span.kind": "server", "grpc.service": "JobService", "grpc.method": "GetAllJobByClientId", "peer.address": "127.0.0.1:55690", "grpc.code": "OK", "grpc.time_ms": 9.768}
2024-05-01T15:57:31.819+0500	INFO	zap/options.go:212	finished unary call with code OK	{"grpc.start_time": "2024-05-01T15:57:31+05:00", "system": "grpc", "span.kind": "server", "grpc.service": "JobService", "grpc.method": "GetAll", "peer.address": "127.0.0.1:45792", "grpc.code": "OK", "grpc.time_ms": 0.32}
2024-05-01T15:57:38.732+0500	INFO	zap/options.go:212	finished unary call with code OK	{"grpc.start_time": "2024-05-01T15:57:38+05:00", "system": "grpc", "span.kind": "server", "grpc.service": "JobService", "grpc.method": "GetAll", "peer.address": "127.0.0.1:50758", "grpc.code": "OK", "grpc.time_ms": 0.786}
2024-05-01T16:01:37.122+0500	INFO	app/root.go:37	user service stops
2024-05-01T17:43:27.653+0500	INFO	app/app.go:117	gRPC Server Listening	{"url": ":5001"}
2024-05-02T10:31:43.742+0500	INFO	zap/options.go:212	finished unary call with code OK	{"grpc.start_time": "2024-05-02T10:31:43+05:00", "grpc.request.deadline": "2024-05-02T10:31:53+05:00", "system": "grpc", "span.kind": "server", "grpc.service": "JobService", "grpc.method": "Create", "peer.address": "127.0.0.1:52490", "grpc.code": "OK", "grpc.time_ms": 14.402}
2024-05-02T10:32:30.283+0500	INFO	app/root.go:37	user service stops
2024-05-02T10:32:31.782+0500	INFO	app/app.go:117	gRPC Server Listening	{"url": ":5001"}
2024-05-02T10:33:38.169+0500	INFO	zap/options.go:212	finished unary call with code OK	{"grpc.start_time": "2024-05-02T10:33:38+05:00", "grpc.request.deadline": "2024-05-02T10:33:45+05:00", "system": "grpc", "span.kind": "server", "grpc.service": "JobService", "grpc.method": "Get", "peer.address": "127.0.0.1:36914", "grpc.code": "OK", "grpc.time_ms": 0.94}
2024-05-02T10:33:54.357+0500	INFO	zap/options.go:212	finished unary call with code OK	{"grpc.start_time": "2024-05-02T10:33:54+05:00", "grpc.request.deadline": "2024-05-02T10:34:01+05:00", "system": "grpc", "span.kind": "server", "grpc.service": "JobService", "grpc.method": "GetAll", "peer.address": "127.0.0.1:36914", "grpc.code": "OK", "grpc.time_ms": 2.926}
2024-05-02T10:34:32.239+0500	INFO	zap/options.go:212	finished unary call with code OK	{"grpc.start_time": "2024-05-02T10:34:32+05:00", "grpc.request.deadline": "2024-05-02T10:34:39+05:00", "system": "grpc", "span.kind": "server", "grpc.service": "JobService", "grpc.method": "GetAll", "peer.address": "127.0.0.1:36914", "grpc.code": "OK", "grpc.time_ms": 0.408}
2024-05-02T10:36:42.237+0500	INFO	zap/options.go:212	finished unary call with code OK	{"grpc.start_time": "2024-05-02T10:36:42+05:00", "grpc.request.deadline": "2024-05-02T10:36:49+05:00", "system": "grpc", "span.kind": "server", "grpc.service": "JobService", "grpc.method": "GetAll", "peer.address": "127.0.0.1:54156", "grpc.code": "OK", "grpc.time_ms": 0.329}
2024-05-02T10:39:18.395+0500	INFO	app/root.go:37	user service stops
2024-05-02T10:39:19.899+0500	INFO	app/app.go:117	gRPC Server Listening	{"url": ":5001"}
2024-05-02T10:41:41.582+0500	INFO	app/root.go:37	user service stops
2024-05-02T10:41:43.004+0500	INFO	app/app.go:117	gRPC Server Listening	{"url": ":5001"}
2024-05-02T10:41:47.253+0500	INFO	zap/options.go:212	finished unary call with code OK	{"grpc.start_time": "2024-05-02T10:41:47+05:00", "grpc.request.deadline": "2024-05-02T10:41:54+05:00", "system": "grpc", "span.kind": "server", "grpc.service": "JobService", "grpc.method": "GetAll", "peer.address": "127.0.0.1:41980", "grpc.code": "OK", "grpc.time_ms": 0.981}
2024-05-02T10:45:48.341+0500	INFO	app/root.go:37	user service stops
2024-05-02T10:45:54.877+0500	INFO	app/app.go:117	gRPC Server Listening	{"url": ":5001"}
2024-05-02T10:50:23.066+0500	INFO	zap/options.go:212	finished unary call with code OK	{"grpc.start_time": "2024-05-02T10:50:23+05:00", "grpc.request.deadline": "2024-05-02T10:50:30+05:00", "system": "grpc", "span.kind": "server", "grpc.service": "JobService", "grpc.method": "GetAll", "peer.address": "127.0.0.1:42580", "grpc.code": "OK", "grpc.time_ms": 0.837}
2024-05-02T10:51:43.958+0500	INFO	zap/options.go:212	finished unary call with code OK	{"grpc.start_time": "2024-05-02T10:51:43+05:00", "grpc.request.deadline": "2024-05-02T10:51:50+05:00", "system": "grpc", "span.kind": "server", "grpc.service": "JobService", "grpc.method": "GetAllJobWithOwner", "peer.address": "127.0.0.1:42580", "grpc.code": "OK", "grpc.time_ms": 9.45}
2024-05-02T17:51:52.298+0500	ERROR	service/jobs.go:81	user.Delete	{"error": "no sql rows"}
exam_5/jobsService/internal/delivery/grpc/service.contentRPC.Delete
	/home/abudlaziz/project/go/src/exam_5/jobsService/internal/delivery/grpc/service/jobs.go:81
exam_5/jobsService/genproto/jobProto._JobService_Delete_Handler.func1
	/home/abudlaziz/project/go/src/exam_5/jobsService/genproto/jobProto/job.pb.go:957
exam_5/jobsService/internal/app.NewApp.UnaryInterceptorData.func6
	/home/abudlaziz/project/go/src/exam_5/jobsService/internal/delivery/grpc/server/midleware.go:34
exam_5/jobsService/internal/app.NewApp.UnaryInterceptor.func7.1.1
	/home/abudlaziz/project/go/src/exam_5/jobsService/internal/delivery/grpc/server/midleware.go:16
github.com/grpc-ecosystem/go-grpc-middleware/recovery.UnaryServerInterceptor.func1
	/home/abudlaziz/project/go/pkg/mod/github.com/grpc-ecosystem/go-grpc-middleware@v1.4.0/recovery/interceptors.go:33
exam_5/jobsService/internal/app.NewApp.ChainUnaryServer.func5.1
	/home/abudlaziz/project/go/pkg/mod/github.com/grpc-ecosystem/go-grpc-middleware@v1.4.0/chain.go:48
github.com/grpc-ecosystem/go-grpc-middleware/logging/zap.UnaryServerInterceptor.func1
	/home/abudlaziz/project/go/pkg/mod/github.com/grpc-ecosystem/go-grpc-middleware@v1.4.0/logging/zap/server_interceptors.go:31
exam_5/jobsService/internal/app.NewApp.ChainUnaryServer.func5.1
	/home/abudlaziz/project/go/pkg/mod/github.com/grpc-ecosystem/go-grpc-middleware@v1.4.0/chain.go:48
github.com/grpc-ecosystem/go-grpc-middleware/tags.UnaryServerInterceptor.func1
	/home/abudlaziz/project/go/pkg/mod/github.com/grpc-ecosystem/go-grpc-middleware@v1.4.0/tags/interceptors.go:23
exam_5/jobsService/internal/app.NewApp.ChainUnaryServer.func5
	/home/abudlaziz/project/go/pkg/mod/github.com/grpc-ecosystem/go-grpc-middleware@v1.4.0/chain.go:53
exam_5/jobsService/internal/app.NewApp.UnaryInterceptor.func7.1.1
	/home/abudlaziz/project/go/src/exam_5/jobsService/internal/delivery/grpc/server/midleware.go:16
exam_5/jobsService/internal/app.NewApp.UnaryInterceptor.func7
	/home/abudlaziz/project/go/src/exam_5/jobsService/internal/delivery/grpc/server/midleware.go:23
exam_5/jobsService/genproto/jobProto._JobService_Delete_Handler
	/home/abudlaziz/project/go/src/exam_5/jobsService/genproto/jobProto/job.pb.go:959
google.golang.org/grpc.(*Server).processUnaryRPC
	/home/abudlaziz/project/go/pkg/mod/google.golang.org/grpc@v1.63.2/server.go:1369
google.golang.org/grpc.(*Server).handleStream
	/home/abudlaziz/project/go/pkg/mod/google.golang.org/grpc@v1.63.2/server.go:1780
google.golang.org/grpc.(*Server).serveStreams.func2.1
	/home/abudlaziz/project/go/pkg/mod/google.golang.org/grpc@v1.63.2/server.go:1019
2024-05-02T17:51:52.301+0500	ERROR	zap/options.go:212	finished unary call with code Internal	{"grpc.start_time": "2024-05-02T17:51:52+05:00", "grpc.request.deadline": "2024-05-02T17:51:59+05:00", "system": "grpc", "span.kind": "server", "grpc.service": "JobService", "grpc.method": "Delete", "peer.address": "127.0.0.1:56174", "error": "rpc error: code = Internal desc = Internal", "grpc.code": "Internal", "grpc.time_ms": 15.71}
github.com/grpc-ecosystem/go-grpc-middleware/logging/zap.DefaultMessageProducer
	/home/abudlaziz/project/go/pkg/mod/github.com/grpc-ecosystem/go-grpc-middleware@v1.4.0/logging/zap/options.go:212
github.com/grpc-ecosystem/go-grpc-middleware/logging/zap.UnaryServerInterceptor.func1
	/home/abudlaziz/project/go/pkg/mod/github.com/grpc-ecosystem/go-grpc-middleware@v1.4.0/logging/zap/server_interceptors.go:39
exam_5/jobsService/internal/app.NewApp.ChainUnaryServer.func5.1
	/home/abudlaziz/project/go/pkg/mod/github.com/grpc-ecosystem/go-grpc-middleware@v1.4.0/chain.go:48
github.com/grpc-ecosystem/go-grpc-middleware/tags.UnaryServerInterceptor.func1
	/home/abudlaziz/project/go/pkg/mod/github.com/grpc-ecosystem/go-grpc-middleware@v1.4.0/tags/interceptors.go:23
exam_5/jobsService/internal/app.NewApp.ChainUnaryServer.func5
	/home/abudlaziz/project/go/pkg/mod/github.com/grpc-ecosystem/go-grpc-middleware@v1.4.0/chain.go:53
exam_5/jobsService/internal/app.NewApp.UnaryInterceptor.func7.1.1
	/home/abudlaziz/project/go/src/exam_5/jobsService/internal/delivery/grpc/server/midleware.go:16
exam_5/jobsService/internal/app.NewApp.UnaryInterceptor.func7
	/home/abudlaziz/project/go/src/exam_5/jobsService/internal/delivery/grpc/server/midleware.go:23
exam_5/jobsService/genproto/jobProto._JobService_Delete_Handler
	/home/abudlaziz/project/go/src/exam_5/jobsService/genproto/jobProto/job.pb.go:959
google.golang.org/grpc.(*Server).processUnaryRPC
	/home/abudlaziz/project/go/pkg/mod/google.golang.org/grpc@v1.63.2/server.go:1369
google.golang.org/grpc.(*Server).handleStream
	/home/abudlaziz/project/go/pkg/mod/google.golang.org/grpc@v1.63.2/server.go:1780
google.golang.org/grpc.(*Server).serveStreams.func2.1
	/home/abudlaziz/project/go/pkg/mod/google.golang.org/grpc@v1.63.2/server.go:1019
2024-05-02T17:52:06.366+0500	ERROR	service/jobs.go:98	user.Get	{"error": "object not found"}
exam_5/jobsService/internal/delivery/grpc/service.contentRPC.Get
	/home/abudlaziz/project/go/src/exam_5/jobsService/internal/delivery/grpc/service/jobs.go:98
exam_5/jobsService/genproto/jobProto._JobService_Get_Handler.func1
	/home/abudlaziz/project/go/src/exam_5/jobsService/genproto/jobProto/job.pb.go:903
exam_5/jobsService/internal/app.NewApp.UnaryInterceptorData.func6
	/home/abudlaziz/project/go/src/exam_5/jobsService/internal/delivery/grpc/server/midleware.go:34
exam_5/jobsService/internal/app.NewApp.UnaryInterceptor.func7.1.1
	/home/abudlaziz/project/go/src/exam_5/jobsService/internal/delivery/grpc/server/midleware.go:16
github.com/grpc-ecosystem/go-grpc-middleware/recovery.UnaryServerInterceptor.func1
	/home/abudlaziz/project/go/pkg/mod/github.com/grpc-ecosystem/go-grpc-middleware@v1.4.0/recovery/interceptors.go:33
exam_5/jobsService/internal/app.NewApp.ChainUnaryServer.func5.1
	/home/abudlaziz/project/go/pkg/mod/github.com/grpc-ecosystem/go-grpc-middleware@v1.4.0/chain.go:48
github.com/grpc-ecosystem/go-grpc-middleware/logging/zap.UnaryServerInterceptor.func1
	/home/abudlaziz/project/go/pkg/mod/github.com/grpc-ecosystem/go-grpc-middleware@v1.4.0/logging/zap/server_interceptors.go:31
exam_5/jobsService/internal/app.NewApp.ChainUnaryServer.func5.1
	/home/abudlaziz/project/go/pkg/mod/github.com/grpc-ecosystem/go-grpc-middleware@v1.4.0/chain.go:48
github.com/grpc-ecosystem/go-grpc-middleware/tags.UnaryServerInterceptor.func1
	/home/abudlaziz/project/go/pkg/mod/github.com/grpc-ecosystem/go-grpc-middleware@v1.4.0/tags/interceptors.go:23
exam_5/jobsService/internal/app.NewApp.ChainUnaryServer.func5
	/home/abudlaziz/project/go/pkg/mod/github.com/grpc-ecosystem/go-grpc-middleware@v1.4.0/chain.go:53
exam_5/jobsService/internal/app.NewApp.UnaryInterceptor.func7.1.1
	/home/abudlaziz/project/go/src/exam_5/jobsService/internal/delivery/grpc/server/midleware.go:16
exam_5/jobsService/internal/app.NewApp.UnaryInterceptor.func7
	/home/abudlaziz/project/go/src/exam_5/jobsService/internal/delivery/grpc/server/midleware.go:23
exam_5/jobsService/genproto/jobProto._JobService_Get_Handler
	/home/abudlaziz/project/go/src/exam_5/jobsService/genproto/jobProto/job.pb.go:905
google.golang.org/grpc.(*Server).processUnaryRPC
	/home/abudlaziz/project/go/pkg/mod/google.golang.org/grpc@v1.63.2/server.go:1369
google.golang.org/grpc.(*Server).handleStream
	/home/abudlaziz/project/go/pkg/mod/google.golang.org/grpc@v1.63.2/server.go:1780
google.golang.org/grpc.(*Server).serveStreams.func2.1
	/home/abudlaziz/project/go/pkg/mod/google.golang.org/grpc@v1.63.2/server.go:1019
2024-05-02T17:52:06.366+0500	INFO	zap/options.go:212	finished unary call with code NotFound	{"grpc.start_time": "2024-05-02T17:52:06+05:00", "grpc.request.deadline": "2024-05-02T17:52:13+05:00", "system": "grpc", "span.kind": "server", "grpc.service": "JobService", "grpc.method": "Get", "peer.address": "127.0.0.1:56174", "error": "rpc error: code = NotFound desc = object not found", "grpc.code": "NotFound", "grpc.time_ms": 0.957}
2024-05-02T17:52:19.985+0500	INFO	zap/options.go:212	finished unary call with code OK	{"grpc.start_time": "2024-05-02T17:52:19+05:00", "grpc.request.deadline": "2024-05-02T17:52:26+05:00", "system": "grpc", "span.kind": "server", "grpc.service": "JobService", "grpc.method": "GetAll", "peer.address": "127.0.0.1:56174", "grpc.code": "OK", "grpc.time_ms": 3.45}
2024-05-02T17:53:24.075+0500	ERROR	service/jobs.go:165	user.update	{"error": "no sql rows"}
exam_5/jobsService/internal/delivery/grpc/service.contentRPC.Update
	/home/abudlaziz/project/go/src/exam_5/jobsService/internal/delivery/grpc/service/jobs.go:165
exam_5/jobsService/genproto/jobProto._JobService_Update_Handler.func1
	/home/abudlaziz/project/go/src/exam_5/jobsService/genproto/jobProto/job.pb.go:939
exam_5/jobsService/internal/app.NewApp.UnaryInterceptorData.func6
	/home/abudlaziz/project/go/src/exam_5/jobsService/internal/delivery/grpc/server/midleware.go:34
exam_5/jobsService/internal/app.NewApp.UnaryInterceptor.func7.1.1
	/home/abudlaziz/project/go/src/exam_5/jobsService/internal/delivery/grpc/server/midleware.go:16
github.com/grpc-ecosystem/go-grpc-middleware/recovery.UnaryServerInterceptor.func1
	/home/abudlaziz/project/go/pkg/mod/github.com/grpc-ecosystem/go-grpc-middleware@v1.4.0/recovery/interceptors.go:33
exam_5/jobsService/internal/app.NewApp.ChainUnaryServer.func5.1
	/home/abudlaziz/project/go/pkg/mod/github.com/grpc-ecosystem/go-grpc-middleware@v1.4.0/chain.go:48
github.com/grpc-ecosystem/go-grpc-middleware/logging/zap.UnaryServerInterceptor.func1
	/home/abudlaziz/project/go/pkg/mod/github.com/grpc-ecosystem/go-grpc-middleware@v1.4.0/logging/zap/server_interceptors.go:31
exam_5/jobsService/internal/app.NewApp.ChainUnaryServer.func5.1
	/home/abudlaziz/project/go/pkg/mod/github.com/grpc-ecosystem/go-grpc-middleware@v1.4.0/chain.go:48
github.com/grpc-ecosystem/go-grpc-middleware/tags.UnaryServerInterceptor.func1
	/home/abudlaziz/project/go/pkg/mod/github.com/grpc-ecosystem/go-grpc-middleware@v1.4.0/tags/interceptors.go:23
exam_5/jobsService/internal/app.NewApp.ChainUnaryServer.func5
	/home/abudlaziz/project/go/pkg/mod/github.com/grpc-ecosystem/go-grpc-middleware@v1.4.0/chain.go:53
exam_5/jobsService/internal/app.NewApp.UnaryInterceptor.func7.1.1
	/home/abudlaziz/project/go/src/exam_5/jobsService/internal/delivery/grpc/server/midleware.go:16
exam_5/jobsService/internal/app.NewApp.UnaryInterceptor.func7
	/home/abudlaziz/project/go/src/exam_5/jobsService/internal/delivery/grpc/server/midleware.go:23
exam_5/jobsService/genproto/jobProto._JobService_Update_Handler
	/home/abudlaziz/project/go/src/exam_5/jobsService/genproto/jobProto/job.pb.go:941
google.golang.org/grpc.(*Server).processUnaryRPC
	/home/abudlaziz/project/go/pkg/mod/google.golang.org/grpc@v1.63.2/server.go:1369
google.golang.org/grpc.(*Server).handleStream
	/home/abudlaziz/project/go/pkg/mod/google.golang.org/grpc@v1.63.2/server.go:1780
google.golang.org/grpc.(*Server).serveStreams.func2.1
	/home/abudlaziz/project/go/pkg/mod/google.golang.org/grpc@v1.63.2/server.go:1019
2024-05-02T17:53:24.076+0500	ERROR	zap/options.go:212	finished unary call with code Internal	{"grpc.start_time": "2024-05-02T17:53:24+05:00", "grpc.request.deadline": "2024-05-02T17:53:31+05:00", "system": "grpc", "span.kind": "server", "grpc.service": "JobService", "grpc.method": "Update", "peer.address": "127.0.0.1:56174", "error": "rpc error: code = Internal desc = Internal", "grpc.code": "Internal", "grpc.time_ms": 1.094}
github.com/grpc-ecosystem/go-grpc-middleware/logging/zap.DefaultMessageProducer
	/home/abudlaziz/project/go/pkg/mod/github.com/grpc-ecosystem/go-grpc-middleware@v1.4.0/logging/zap/options.go:212
github.com/grpc-ecosystem/go-grpc-middleware/logging/zap.UnaryServerInterceptor.func1
	/home/abudlaziz/project/go/pkg/mod/github.com/grpc-ecosystem/go-grpc-middleware@v1.4.0/logging/zap/server_interceptors.go:39
exam_5/jobsService/internal/app.NewApp.ChainUnaryServer.func5.1
	/home/abudlaziz/project/go/pkg/mod/github.com/grpc-ecosystem/go-grpc-middleware@v1.4.0/chain.go:48
github.com/grpc-ecosystem/go-grpc-middleware/tags.UnaryServerInterceptor.func1
	/home/abudlaziz/project/go/pkg/mod/github.com/grpc-ecosystem/go-grpc-middleware@v1.4.0/tags/interceptors.go:23
exam_5/jobsService/internal/app.NewApp.ChainUnaryServer.func5
	/home/abudlaziz/project/go/pkg/mod/github.com/grpc-ecosystem/go-grpc-middleware@v1.4.0/chain.go:53
exam_5/jobsService/internal/app.NewApp.UnaryInterceptor.func7.1.1
	/home/abudlaziz/project/go/src/exam_5/jobsService/internal/delivery/grpc/server/midleware.go:16
exam_5/jobsService/internal/app.NewApp.UnaryInterceptor.func7
	/home/abudlaziz/project/go/src/exam_5/jobsService/internal/delivery/grpc/server/midleware.go:23
exam_5/jobsService/genproto/jobProto._JobService_Update_Handler
	/home/abudlaziz/project/go/src/exam_5/jobsService/genproto/jobProto/job.pb.go:941
google.golang.org/grpc.(*Server).processUnaryRPC
	/home/abudlaziz/project/go/pkg/mod/google.golang.org/grpc@v1.63.2/server.go:1369
google.golang.org/grpc.(*Server).handleStream
	/home/abudlaziz/project/go/pkg/mod/google.golang.org/grpc@v1.63.2/server.go:1780
google.golang.org/grpc.(*Server).serveStreams.func2.1
	/home/abudlaziz/project/go/pkg/mod/google.golang.org/grpc@v1.63.2/server.go:1019
2024-05-02T17:56:26.065+0500	INFO	zap/options.go:212	finished unary call with code OK	{"grpc.start_time": "2024-05-02T17:56:26+05:00", "grpc.request.deadline": "2024-05-02T17:56:36+05:00", "system": "grpc", "span.kind": "server", "grpc.service": "JobService", "grpc.method": "Create", "peer.address": "127.0.0.1:56174", "grpc.code": "OK", "grpc.time_ms": 2.951}
2024-05-02T17:56:56.145+0500	INFO	zap/options.go:212	finished unary call with code OK	{"grpc.start_time": "2024-05-02T17:56:56+05:00", "grpc.request.deadline": "2024-05-02T17:57:03+05:00", "system": "grpc", "span.kind": "server", "grpc.service": "JobService", "grpc.method": "Get", "peer.address": "127.0.0.1:56174", "grpc.code": "OK", "grpc.time_ms": 0.54}
2024-05-02T17:57:06.743+0500	INFO	zap/options.go:212	finished unary call with code OK	{"grpc.start_time": "2024-05-02T17:57:06+05:00", "grpc.request.deadline": "2024-05-02T17:57:13+05:00", "system": "grpc", "span.kind": "server", "grpc.service": "JobService", "grpc.method": "GetAll", "peer.address": "127.0.0.1:56174", "grpc.code": "OK", "grpc.time_ms": 0.943}
2024-05-02T18:20:26.251+0500	ERROR	service/jobs.go:81	user.Delete	{"error": "no sql rows"}
exam_5/jobsService/internal/delivery/grpc/service.contentRPC.Delete
	/home/abudlaziz/project/go/src/exam_5/jobsService/internal/delivery/grpc/service/jobs.go:81
exam_5/jobsService/genproto/jobProto._JobService_Delete_Handler.func1
	/home/abudlaziz/project/go/src/exam_5/jobsService/genproto/jobProto/job.pb.go:957
exam_5/jobsService/internal/app.NewApp.UnaryInterceptorData.func6
	/home/abudlaziz/project/go/src/exam_5/jobsService/internal/delivery/grpc/server/midleware.go:34
exam_5/jobsService/internal/app.NewApp.UnaryInterceptor.func7.1.1
	/home/abudlaziz/project/go/src/exam_5/jobsService/internal/delivery/grpc/server/midleware.go:16
github.com/grpc-ecosystem/go-grpc-middleware/recovery.UnaryServerInterceptor.func1
	/home/abudlaziz/project/go/pkg/mod/github.com/grpc-ecosystem/go-grpc-middleware@v1.4.0/recovery/interceptors.go:33
exam_5/jobsService/internal/app.NewApp.ChainUnaryServer.func5.1
	/home/abudlaziz/project/go/pkg/mod/github.com/grpc-ecosystem/go-grpc-middleware@v1.4.0/chain.go:48
github.com/grpc-ecosystem/go-grpc-middleware/logging/zap.UnaryServerInterceptor.func1
	/home/abudlaziz/project/go/pkg/mod/github.com/grpc-ecosystem/go-grpc-middleware@v1.4.0/logging/zap/server_interceptors.go:31
exam_5/jobsService/internal/app.NewApp.ChainUnaryServer.func5.1
	/home/abudlaziz/project/go/pkg/mod/github.com/grpc-ecosystem/go-grpc-middleware@v1.4.0/chain.go:48
github.com/grpc-ecosystem/go-grpc-middleware/tags.UnaryServerInterceptor.func1
	/home/abudlaziz/project/go/pkg/mod/github.com/grpc-ecosystem/go-grpc-middleware@v1.4.0/tags/interceptors.go:23
exam_5/jobsService/internal/app.NewApp.ChainUnaryServer.func5
	/home/abudlaziz/project/go/pkg/mod/github.com/grpc-ecosystem/go-grpc-middleware@v1.4.0/chain.go:53
exam_5/jobsService/internal/app.NewApp.UnaryInterceptor.func7.1.1
	/home/abudlaziz/project/go/src/exam_5/jobsService/internal/delivery/grpc/server/midleware.go:16
exam_5/jobsService/internal/app.NewApp.UnaryInterceptor.func7
	/home/abudlaziz/project/go/src/exam_5/jobsService/internal/delivery/grpc/server/midleware.go:23
exam_5/jobsService/genproto/jobProto._JobService_Delete_Handler
	/home/abudlaziz/project/go/src/exam_5/jobsService/genproto/jobProto/job.pb.go:959
google.golang.org/grpc.(*Server).processUnaryRPC
	/home/abudlaziz/project/go/pkg/mod/google.golang.org/grpc@v1.63.2/server.go:1369
google.golang.org/grpc.(*Server).handleStream
	/home/abudlaziz/project/go/pkg/mod/google.golang.org/grpc@v1.63.2/server.go:1780
google.golang.org/grpc.(*Server).serveStreams.func2.1
	/home/abudlaziz/project/go/pkg/mod/google.golang.org/grpc@v1.63.2/server.go:1019
2024-05-02T18:20:26.251+0500	ERROR	zap/options.go:212	finished unary call with code Internal	{"grpc.start_time": "2024-05-02T18:20:26+05:00", "grpc.request.deadline": "2024-05-02T18:20:33+05:00", "system": "grpc", "span.kind": "server", "grpc.service": "JobService", "grpc.method": "Delete", "peer.address": "127.0.0.1:58250", "error": "rpc error: code = Internal desc = Internal", "grpc.code": "Internal", "grpc.time_ms": 0.707}
github.com/grpc-ecosystem/go-grpc-middleware/logging/zap.DefaultMessageProducer
	/home/abudlaziz/project/go/pkg/mod/github.com/grpc-ecosystem/go-grpc-middleware@v1.4.0/logging/zap/options.go:212
github.com/grpc-ecosystem/go-grpc-middleware/logging/zap.UnaryServerInterceptor.func1
	/home/abudlaziz/project/go/pkg/mod/github.com/grpc-ecosystem/go-grpc-middleware@v1.4.0/logging/zap/server_interceptors.go:39
exam_5/jobsService/internal/app.NewApp.ChainUnaryServer.func5.1
	/home/abudlaziz/project/go/pkg/mod/github.com/grpc-ecosystem/go-grpc-middleware@v1.4.0/chain.go:48
github.com/grpc-ecosystem/go-grpc-middleware/tags.UnaryServerInterceptor.func1
	/home/abudlaziz/project/go/pkg/mod/github.com/grpc-ecosystem/go-grpc-middleware@v1.4.0/tags/interceptors.go:23
exam_5/jobsService/internal/app.NewApp.ChainUnaryServer.func5
	/home/abudlaziz/project/go/pkg/mod/github.com/grpc-ecosystem/go-grpc-middleware@v1.4.0/chain.go:53
exam_5/jobsService/internal/app.NewApp.UnaryInterceptor.func7.1.1
	/home/abudlaziz/project/go/src/exam_5/jobsService/internal/delivery/grpc/server/midleware.go:16
exam_5/jobsService/internal/app.NewApp.UnaryInterceptor.func7
	/home/abudlaziz/project/go/src/exam_5/jobsService/internal/delivery/grpc/server/midleware.go:23
exam_5/jobsService/genproto/jobProto._JobService_Delete_Handler
	/home/abudlaziz/project/go/src/exam_5/jobsService/genproto/jobProto/job.pb.go:959
google.golang.org/grpc.(*Server).processUnaryRPC
	/home/abudlaziz/project/go/pkg/mod/google.golang.org/grpc@v1.63.2/server.go:1369
google.golang.org/grpc.(*Server).handleStream
	/home/abudlaziz/project/go/pkg/mod/google.golang.org/grpc@v1.63.2/server.go:1780
google.golang.org/grpc.(*Server).serveStreams.func2.1
	/home/abudlaziz/project/go/pkg/mod/google.golang.org/grpc@v1.63.2/server.go:1019
2024-05-02T18:20:33.184+0500	ERROR	service/jobs.go:98	user.Get	{"error": "object not found"}
exam_5/jobsService/internal/delivery/grpc/service.contentRPC.Get
	/home/abudlaziz/project/go/src/exam_5/jobsService/internal/delivery/grpc/service/jobs.go:98
exam_5/jobsService/genproto/jobProto._JobService_Get_Handler.func1
	/home/abudlaziz/project/go/src/exam_5/jobsService/genproto/jobProto/job.pb.go:903
exam_5/jobsService/internal/app.NewApp.UnaryInterceptorData.func6
	/home/abudlaziz/project/go/src/exam_5/jobsService/internal/delivery/grpc/server/midleware.go:34
exam_5/jobsService/internal/app.NewApp.UnaryInterceptor.func7.1.1
	/home/abudlaziz/project/go/src/exam_5/jobsService/internal/delivery/grpc/server/midleware.go:16
github.com/grpc-ecosystem/go-grpc-middleware/recovery.UnaryServerInterceptor.func1
	/home/abudlaziz/project/go/pkg/mod/github.com/grpc-ecosystem/go-grpc-middleware@v1.4.0/recovery/interceptors.go:33
exam_5/jobsService/internal/app.NewApp.ChainUnaryServer.func5.1
	/home/abudlaziz/project/go/pkg/mod/github.com/grpc-ecosystem/go-grpc-middleware@v1.4.0/chain.go:48
github.com/grpc-ecosystem/go-grpc-middleware/logging/zap.UnaryServerInterceptor.func1
	/home/abudlaziz/project/go/pkg/mod/github.com/grpc-ecosystem/go-grpc-middleware@v1.4.0/logging/zap/server_interceptors.go:31
exam_5/jobsService/internal/app.NewApp.ChainUnaryServer.func5.1
	/home/abudlaziz/project/go/pkg/mod/github.com/grpc-ecosystem/go-grpc-middleware@v1.4.0/chain.go:48
github.com/grpc-ecosystem/go-grpc-middleware/tags.UnaryServerInterceptor.func1
	/home/abudlaziz/project/go/pkg/mod/github.com/grpc-ecosystem/go-grpc-middleware@v1.4.0/tags/interceptors.go:23
exam_5/jobsService/internal/app.NewApp.ChainUnaryServer.func5
	/home/abudlaziz/project/go/pkg/mod/github.com/grpc-ecosystem/go-grpc-middleware@v1.4.0/chain.go:53
exam_5/jobsService/internal/app.NewApp.UnaryInterceptor.func7.1.1
	/home/abudlaziz/project/go/src/exam_5/jobsService/internal/delivery/grpc/server/midleware.go:16
exam_5/jobsService/internal/app.NewApp.UnaryInterceptor.func7
	/home/abudlaziz/project/go/src/exam_5/jobsService/internal/delivery/grpc/server/midleware.go:23
exam_5/jobsService/genproto/jobProto._JobService_Get_Handler
	/home/abudlaziz/project/go/src/exam_5/jobsService/genproto/jobProto/job.pb.go:905
google.golang.org/grpc.(*Server).processUnaryRPC
	/home/abudlaziz/project/go/pkg/mod/google.golang.org/grpc@v1.63.2/server.go:1369
google.golang.org/grpc.(*Server).handleStream
	/home/abudlaziz/project/go/pkg/mod/google.golang.org/grpc@v1.63.2/server.go:1780
google.golang.org/grpc.(*Server).serveStreams.func2.1
	/home/abudlaziz/project/go/pkg/mod/google.golang.org/grpc@v1.63.2/server.go:1019
2024-05-02T18:20:33.184+0500	INFO	zap/options.go:212	finished unary call with code NotFound	{"grpc.start_time": "2024-05-02T18:20:33+05:00", "grpc.request.deadline": "2024-05-02T18:20:40+05:00", "system": "grpc", "span.kind": "server", "grpc.service": "JobService", "grpc.method": "Get", "peer.address": "127.0.0.1:58250", "error": "rpc error: code = NotFound desc = object not found", "grpc.code": "NotFound", "grpc.time_ms": 0.997}
2024-05-02T18:20:41.312+0500	INFO	zap/options.go:212	finished unary call with code OK	{"grpc.start_time": "2024-05-02T18:20:41+05:00", "grpc.request.deadline": "2024-05-02T18:20:48+05:00", "system": "grpc", "span.kind": "server", "grpc.service": "JobService", "grpc.method": "GetAll", "peer.address": "127.0.0.1:58250", "grpc.code": "OK", "grpc.time_ms": 0.456}
2024-05-02T18:20:53.941+0500	INFO	zap/options.go:212	finished unary call with code OK	{"grpc.start_time": "2024-05-02T18:20:53+05:00", "grpc.request.deadline": "2024-05-02T18:21:00+05:00", "system": "grpc", "span.kind": "server", "grpc.service": "JobService", "grpc.method": "GetAll", "peer.address": "127.0.0.1:58250", "grpc.code": "OK", "grpc.time_ms": 0.827}
2024-05-02T18:22:13.206+0500	ERROR	service/jobs.go:165	user.update	{"error": "no sql rows"}
exam_5/jobsService/internal/delivery/grpc/service.contentRPC.Update
	/home/abudlaziz/project/go/src/exam_5/jobsService/internal/delivery/grpc/service/jobs.go:165
exam_5/jobsService/genproto/jobProto._JobService_Update_Handler.func1
	/home/abudlaziz/project/go/src/exam_5/jobsService/genproto/jobProto/job.pb.go:939
exam_5/jobsService/internal/app.NewApp.UnaryInterceptorData.func6
	/home/abudlaziz/project/go/src/exam_5/jobsService/internal/delivery/grpc/server/midleware.go:34
exam_5/jobsService/internal/app.NewApp.UnaryInterceptor.func7.1.1
	/home/abudlaziz/project/go/src/exam_5/jobsService/internal/delivery/grpc/server/midleware.go:16
github.com/grpc-ecosystem/go-grpc-middleware/recovery.UnaryServerInterceptor.func1
	/home/abudlaziz/project/go/pkg/mod/github.com/grpc-ecosystem/go-grpc-middleware@v1.4.0/recovery/interceptors.go:33
exam_5/jobsService/internal/app.NewApp.ChainUnaryServer.func5.1
	/home/abudlaziz/project/go/pkg/mod/github.com/grpc-ecosystem/go-grpc-middleware@v1.4.0/chain.go:48
github.com/grpc-ecosystem/go-grpc-middleware/logging/zap.UnaryServerInterceptor.func1
	/home/abudlaziz/project/go/pkg/mod/github.com/grpc-ecosystem/go-grpc-middleware@v1.4.0/logging/zap/server_interceptors.go:31
exam_5/jobsService/internal/app.NewApp.ChainUnaryServer.func5.1
	/home/abudlaziz/project/go/pkg/mod/github.com/grpc-ecosystem/go-grpc-middleware@v1.4.0/chain.go:48
github.com/grpc-ecosystem/go-grpc-middleware/tags.UnaryServerInterceptor.func1
	/home/abudlaziz/project/go/pkg/mod/github.com/grpc-ecosystem/go-grpc-middleware@v1.4.0/tags/interceptors.go:23
exam_5/jobsService/internal/app.NewApp.ChainUnaryServer.func5
	/home/abudlaziz/project/go/pkg/mod/github.com/grpc-ecosystem/go-grpc-middleware@v1.4.0/chain.go:53
exam_5/jobsService/internal/app.NewApp.UnaryInterceptor.func7.1.1
	/home/abudlaziz/project/go/src/exam_5/jobsService/internal/delivery/grpc/server/midleware.go:16
exam_5/jobsService/internal/app.NewApp.UnaryInterceptor.func7
	/home/abudlaziz/project/go/src/exam_5/jobsService/internal/delivery/grpc/server/midleware.go:23
exam_5/jobsService/genproto/jobProto._JobService_Update_Handler
	/home/abudlaziz/project/go/src/exam_5/jobsService/genproto/jobProto/job.pb.go:941
google.golang.org/grpc.(*Server).processUnaryRPC
	/home/abudlaziz/project/go/pkg/mod/google.golang.org/grpc@v1.63.2/server.go:1369
google.golang.org/grpc.(*Server).handleStream
	/home/abudlaziz/project/go/pkg/mod/google.golang.org/grpc@v1.63.2/server.go:1780
google.golang.org/grpc.(*Server).serveStreams.func2.1
	/home/abudlaziz/project/go/pkg/mod/google.golang.org/grpc@v1.63.2/server.go:1019
2024-05-02T18:22:13.206+0500	ERROR	zap/options.go:212	finished unary call with code Internal	{"grpc.start_time": "2024-05-02T18:22:13+05:00", "grpc.request.deadline": "2024-05-02T18:22:20+05:00", "system": "grpc", "span.kind": "server", "grpc.service": "JobService", "grpc.method": "Update", "peer.address": "127.0.0.1:58250", "error": "rpc error: code = Internal desc = Internal", "grpc.code": "Internal", "grpc.time_ms": 0.44}
github.com/grpc-ecosystem/go-grpc-middleware/logging/zap.DefaultMessageProducer
	/home/abudlaziz/project/go/pkg/mod/github.com/grpc-ecosystem/go-grpc-middleware@v1.4.0/logging/zap/options.go:212
github.com/grpc-ecosystem/go-grpc-middleware/logging/zap.UnaryServerInterceptor.func1
	/home/abudlaziz/project/go/pkg/mod/github.com/grpc-ecosystem/go-grpc-middleware@v1.4.0/logging/zap/server_interceptors.go:39
exam_5/jobsService/internal/app.NewApp.ChainUnaryServer.func5.1
	/home/abudlaziz/project/go/pkg/mod/github.com/grpc-ecosystem/go-grpc-middleware@v1.4.0/chain.go:48
github.com/grpc-ecosystem/go-grpc-middleware/tags.UnaryServerInterceptor.func1
	/home/abudlaziz/project/go/pkg/mod/github.com/grpc-ecosystem/go-grpc-middleware@v1.4.0/tags/interceptors.go:23
exam_5/jobsService/internal/app.NewApp.ChainUnaryServer.func5
	/home/abudlaziz/project/go/pkg/mod/github.com/grpc-ecosystem/go-grpc-middleware@v1.4.0/chain.go:53
exam_5/jobsService/internal/app.NewApp.UnaryInterceptor.func7.1.1
	/home/abudlaziz/project/go/src/exam_5/jobsService/internal/delivery/grpc/server/midleware.go:16
exam_5/jobsService/internal/app.NewApp.UnaryInterceptor.func7
	/home/abudlaziz/project/go/src/exam_5/jobsService/internal/delivery/grpc/server/midleware.go:23
exam_5/jobsService/genproto/jobProto._JobService_Update_Handler
	/home/abudlaziz/project/go/src/exam_5/jobsService/genproto/jobProto/job.pb.go:941
google.golang.org/grpc.(*Server).processUnaryRPC
	/home/abudlaziz/project/go/pkg/mod/google.golang.org/grpc@v1.63.2/server.go:1369
google.golang.org/grpc.(*Server).handleStream
	/home/abudlaziz/project/go/pkg/mod/google.golang.org/grpc@v1.63.2/server.go:1780
google.golang.org/grpc.(*Server).serveStreams.func2.1
	/home/abudlaziz/project/go/pkg/mod/google.golang.org/grpc@v1.63.2/server.go:1019
2024-05-02T18:24:22.675+0500	INFO	zap/options.go:212	finished unary call with code OK	{"grpc.start_time": "2024-05-02T18:24:22+05:00", "grpc.request.deadline": "2024-05-02T18:24:29+05:00", "system": "grpc", "span.kind": "server", "grpc.service": "JobService", "grpc.method": "GetAllJobWithOwner", "peer.address": "127.0.0.1:44836", "grpc.code": "OK", "grpc.time_ms": 4.989}
2024-05-02T19:59:30.661+0500	INFO	app/root.go:37	user service stops
